<?xml version="1.0" encoding="UTF-8"?>
<!-- Generated by org.testng.reporters.JUnitReportReporter -->
<testsuite hostname="Admin-PC" failures="0" tests="9" name="package2_com.zerodha.ZerodhTest" time="110.800" errors="0" timestamp="2020-01-01T02:29:20 IST" skipped="0">
  <testcase classname="package2_com.zerodha.ZerodhTest" name="openBrowserAndApplication" time="69.942"/>
  <testcase classname="package2_com.zerodha.ZerodhTest" name="isApplicationOpen" time="1.087"/>
  <testcase classname="package2_com.zerodha.ZerodhTest" name="setUNMethod" time="3.756"/>
  <testcase classname="package2_com.zerodha.ZerodhTest" name="setPwdMethod" time="2.920"/>
  <testcase classname="package2_com.zerodha.ZerodhTest" name="clickLoginMethod" time="3.885"/>
  <testcase classname="package2_com.zerodha.ZerodhTest" name="setPinMethod" time="2.425"/>
  <testcase classname="package2_com.zerodha.ZerodhTest" name="clickContinueButton" time="15.040"/>
  <testcase classname="package2_com.zerodha.ZerodhTest" name="checkUserNickname" time="4.449"/>
  <testcase classname="package2_com.zerodha.ZerodhTest" name="clickLogout" time="7.296"/>
</testsuite> <!-- package2_com.zerodha.ZerodhTest -->
