<?xml version="1.0" encoding="UTF-8"?>
<!-- Generated by org.testng.reporters.JUnitReportReporter -->
<testsuite hostname="Admin-PC" failures="0" tests="9" name="package2_com.zerodha.ZerodhTest" time="65.585" errors="0" timestamp="2019-12-30T14:31:43 IST" skipped="0">
  <testcase classname="package2_com.zerodha.ZerodhTest" name="openBrowserAndApplication" time="31.912"/>
  <testcase classname="package2_com.zerodha.ZerodhTest" name="isApplicationOpen" time="0.329"/>
  <testcase classname="package2_com.zerodha.ZerodhTest" name="setUNMethod" time="2.252"/>
  <testcase classname="package2_com.zerodha.ZerodhTest" name="setPwdMethod" time="2.578"/>
  <testcase classname="package2_com.zerodha.ZerodhTest" name="clickLoginMethod" time="2.637"/>
  <testcase classname="package2_com.zerodha.ZerodhTest" name="setPinMethod" time="2.193"/>
  <testcase classname="package2_com.zerodha.ZerodhTest" name="clickContinueButton" time="14.429"/>
  <testcase classname="package2_com.zerodha.ZerodhTest" name="checkUserNickname" time="3.808"/>
  <testcase classname="package2_com.zerodha.ZerodhTest" name="clickLogout" time="5.447"/>
</testsuite> <!-- package2_com.zerodha.ZerodhTest -->
